0 info it worked if it ends with ok
1 verbose cli [ 'C:\\nodejs\\node.exe',
1 verbose cli   'C:\\nodejs\\node_modules\\npm\\bin\\npm-cli.js',
1 verbose cli   'install' ]
2 info using npm@2.14.12
3 info using node@v4.2.6
4 verbose readDependencies loading dependencies from C:\DEV\git\project-web\package.json
5 verbose install where, deps [ 'C:\\DEV\\git\\project-web',
5 verbose install   [ 'bower',
5 verbose install     'http-server',
5 verbose install     'jasmine-core',
5 verbose install     'karma',
5 verbose install     'karma-chrome-launcher',
5 verbose install     'karma-firefox-launcher',
5 verbose install     'karma-jasmine',
5 verbose install     'karma-junit-reporter',
5 verbose install     'karma-requirejs',
5 verbose install     'protractor',
5 verbose install     'requirejs',
5 verbose install     'shelljs',
5 verbose install     'grunt',
5 verbose install     'grunt-angular-templates',
5 verbose install     'grunt-concurrent',
5 verbose install     'grunt-contrib-clean',
5 verbose install     'grunt-contrib-concat',
5 verbose install     'grunt-contrib-connect',
5 verbose install     'grunt-contrib-copy',
5 verbose install     'grunt-contrib-cssmin',
5 verbose install     'grunt-contrib-htmlmin',
5 verbose install     'grunt-contrib-imagemin',
5 verbose install     'grunt-contrib-jshint',
5 verbose install     'grunt-contrib-uglify',
5 verbose install     'grunt-contrib-watch',
5 verbose install     'grunt-filerev',
5 verbose install     'grunt-google-cdn',
5 verbose install     'grunt-jscs',
5 verbose install     'grunt-karma',
5 verbose install     'grunt-newer',
5 verbose install     'grunt-ng-annotate',
5 verbose install     'grunt-postcss',
5 verbose install     'grunt-svgmin',
5 verbose install     'grunt-usemin',
5 verbose install     'grunt-wiredep',
5 verbose install     'jit-grunt',
5 verbose install     'jshint-stylish',
5 verbose install     'time-grunt' ] ]
6 verbose install where, peers [ 'C:\\DEV\\git\\project-web', [] ]
7 verbose installManyTop reading for lifecycle C:\DEV\git\project-web\package.json
8 info preinstall project-web@3.1.3
9 verbose installManyTop reading scoped package data from C:\DEV\git\project-web\node_modules\autoprefixer-core\package.json
10 verbose installManyTop reading scoped package data from C:\DEV\git\project-web\node_modules\bower\package.json
11 verbose installManyTop reading scoped package data from C:\DEV\git\project-web\node_modules\grunt\package.json
12 verbose installManyTop reading scoped package data from C:\DEV\git\project-web\node_modules\grunt-angular-templates\package.json
13 verbose installManyTop reading scoped package data from C:\DEV\git\project-web\node_modules\grunt-concurrent\package.json
14 verbose installManyTop reading scoped package data from C:\DEV\git\project-web\node_modules\grunt-contrib-clean\package.json
15 verbose installManyTop reading scoped package data from C:\DEV\git\project-web\node_modules\grunt-contrib-concat\package.json
16 verbose installManyTop reading scoped package data from C:\DEV\git\project-web\node_modules\grunt-contrib-connect\package.json
17 verbose installManyTop reading scoped package data from C:\DEV\git\project-web\node_modules\grunt-contrib-copy\package.json
18 verbose installManyTop reading scoped package data from C:\DEV\git\project-web\node_modules\grunt-contrib-cssmin\package.json
19 verbose installManyTop reading scoped package data from C:\DEV\git\project-web\node_modules\grunt-contrib-htmlmin\package.json
20 verbose installManyTop reading scoped package data from C:\DEV\git\project-web\node_modules\grunt-contrib-imagemin\package.json
21 verbose installManyTop reading scoped package data from C:\DEV\git\project-web\node_modules\grunt-contrib-jshint\package.json
22 verbose installManyTop reading scoped package data from C:\DEV\git\project-web\node_modules\grunt-contrib-uglify\package.json
23 verbose installManyTop reading scoped package data from C:\DEV\git\project-web\node_modules\grunt-contrib-watch\package.json
24 verbose installManyTop reading scoped package data from C:\DEV\git\project-web\node_modules\grunt-filerev\package.json
25 verbose installManyTop reading scoped package data from C:\DEV\git\project-web\node_modules\grunt-google-cdn\package.json
26 verbose installManyTop reading scoped package data from C:\DEV\git\project-web\node_modules\grunt-jscs\package.json
27 verbose installManyTop reading scoped package data from C:\DEV\git\project-web\node_modules\grunt-karma\package.json
28 verbose installManyTop reading scoped package data from C:\DEV\git\project-web\node_modules\grunt-newer\package.json
29 verbose installManyTop reading scoped package data from C:\DEV\git\project-web\node_modules\grunt-ng-annotate\package.json
30 verbose installManyTop reading scoped package data from C:\DEV\git\project-web\node_modules\grunt-postcss\package.json
31 verbose installManyTop reading scoped package data from C:\DEV\git\project-web\node_modules\grunt-svgmin\package.json
32 verbose installManyTop reading scoped package data from C:\DEV\git\project-web\node_modules\grunt-usemin\package.json
33 verbose installManyTop reading scoped package data from C:\DEV\git\project-web\node_modules\grunt-wiredep\package.json
34 verbose installManyTop reading scoped package data from C:\DEV\git\project-web\node_modules\http-server\package.json
35 verbose installManyTop reading scoped package data from C:\DEV\git\project-web\node_modules\jasmine-core\package.json
36 verbose installManyTop reading scoped package data from C:\DEV\git\project-web\node_modules\jit-grunt\package.json
37 verbose installManyTop reading scoped package data from C:\DEV\git\project-web\node_modules\jshint-stylish\package.json
38 verbose installManyTop reading scoped package data from C:\DEV\git\project-web\node_modules\karma\package.json
39 verbose installManyTop reading scoped package data from C:\DEV\git\project-web\node_modules\karma-chrome-launcher\package.json
40 verbose installManyTop reading scoped package data from C:\DEV\git\project-web\node_modules\karma-firefox-launcher\package.json
41 verbose installManyTop reading scoped package data from C:\DEV\git\project-web\node_modules\karma-jasmine\package.json
42 verbose installManyTop reading scoped package data from C:\DEV\git\project-web\node_modules\karma-junit-reporter\package.json
43 verbose installManyTop reading scoped package data from C:\DEV\git\project-web\node_modules\karma-phantomjs-launcher\package.json
44 verbose installManyTop reading scoped package data from C:\DEV\git\project-web\node_modules\karma-requirejs\package.json
45 verbose installManyTop reading scoped package data from C:\DEV\git\project-web\node_modules\phantomjs-prebuilt\package.json
46 verbose installManyTop reading scoped package data from C:\DEV\git\project-web\node_modules\protractor\package.json
47 verbose installManyTop reading scoped package data from C:\DEV\git\project-web\node_modules\requirejs\package.json
48 verbose installManyTop reading scoped package data from C:\DEV\git\project-web\node_modules\shelljs\package.json
49 verbose installManyTop reading scoped package data from C:\DEV\git\project-web\node_modules\time-grunt\package.json
50 info package.json grunt@0.4.5 No license field.
51 info package.json grunt-angular-templates@0.5.9 No license field.
52 info package.json grunt-contrib-clean@0.6.0 No license field.
53 info package.json grunt-contrib-concat@0.5.1 No license field.
54 info package.json grunt-contrib-copy@0.7.0 No license field.
55 info package.json grunt-contrib-connect@0.9.0 No license field.
56 info package.json grunt-contrib-cssmin@0.12.3 No license field.
57 info package.json grunt-contrib-htmlmin@0.4.0 No license field.
58 info package.json grunt-contrib-uglify@0.7.0 No license field.
59 info package.json grunt-filerev@2.3.1 license should be a valid SPDX license expression
60 info package.json grunt-google-cdn@0.4.3 license should be a valid SPDX license expression
61 info package.json grunt-contrib-watch@0.6.1 No license field.
62 info package.json grunt-svgmin@2.0.1 No license field.
63 info package.json grunt-wiredep@2.0.0 No license field.
64 info package.json shelljs@0.2.6 No license field.
65 info package.json requirejs@2.1.22 No license field.
66 info package.json http-server@0.6.1 No license field.
67 verbose readDependencies loading dependencies from C:\DEV\git\project-web\package.json
68 verbose targetResolver reading package data from C:\DEV\git\project-web\node_modules\autoprefixer-core\package.json
69 verbose targetResolver reading package data from C:\DEV\git\project-web\node_modules\bower\package.json
70 verbose targetResolver reading package data from C:\DEV\git\project-web\node_modules\grunt\package.json
71 verbose targetResolver reading package data from C:\DEV\git\project-web\node_modules\grunt-angular-templates\package.json
72 verbose targetResolver reading package data from C:\DEV\git\project-web\node_modules\grunt-concurrent\package.json
73 verbose targetResolver reading package data from C:\DEV\git\project-web\node_modules\grunt-contrib-clean\package.json
74 verbose targetResolver reading package data from C:\DEV\git\project-web\node_modules\grunt-contrib-concat\package.json
75 verbose targetResolver reading package data from C:\DEV\git\project-web\node_modules\grunt-contrib-connect\package.json
76 verbose targetResolver reading package data from C:\DEV\git\project-web\node_modules\grunt-contrib-copy\package.json
77 verbose targetResolver reading package data from C:\DEV\git\project-web\node_modules\grunt-contrib-cssmin\package.json
78 verbose targetResolver reading package data from C:\DEV\git\project-web\node_modules\grunt-contrib-htmlmin\package.json
79 verbose targetResolver reading package data from C:\DEV\git\project-web\node_modules\grunt-contrib-imagemin\package.json
80 verbose targetResolver reading package data from C:\DEV\git\project-web\node_modules\grunt-contrib-jshint\package.json
81 verbose targetResolver reading package data from C:\DEV\git\project-web\node_modules\grunt-contrib-uglify\package.json
82 verbose targetResolver reading package data from C:\DEV\git\project-web\node_modules\grunt-contrib-watch\package.json
83 verbose targetResolver reading package data from C:\DEV\git\project-web\node_modules\grunt-filerev\package.json
84 verbose targetResolver reading package data from C:\DEV\git\project-web\node_modules\grunt-google-cdn\package.json
85 verbose targetResolver reading package data from C:\DEV\git\project-web\node_modules\grunt-jscs\package.json
86 verbose targetResolver reading package data from C:\DEV\git\project-web\node_modules\grunt-karma\package.json
87 verbose targetResolver reading package data from C:\DEV\git\project-web\node_modules\grunt-newer\package.json
88 verbose targetResolver reading package data from C:\DEV\git\project-web\node_modules\grunt-ng-annotate\package.json
89 verbose targetResolver reading package data from C:\DEV\git\project-web\node_modules\grunt-postcss\package.json
90 verbose targetResolver reading package data from C:\DEV\git\project-web\node_modules\grunt-svgmin\package.json
91 verbose targetResolver reading package data from C:\DEV\git\project-web\node_modules\grunt-usemin\package.json
92 verbose targetResolver reading package data from C:\DEV\git\project-web\node_modules\grunt-wiredep\package.json
93 verbose targetResolver reading package data from C:\DEV\git\project-web\node_modules\http-server\package.json
94 verbose targetResolver reading package data from C:\DEV\git\project-web\node_modules\jasmine-core\package.json
95 verbose targetResolver reading package data from C:\DEV\git\project-web\node_modules\jit-grunt\package.json
96 verbose targetResolver reading package data from C:\DEV\git\project-web\node_modules\jshint-stylish\package.json
97 verbose targetResolver reading package data from C:\DEV\git\project-web\node_modules\karma\package.json
98 verbose targetResolver reading package data from C:\DEV\git\project-web\node_modules\karma-chrome-launcher\package.json
99 verbose targetResolver reading package data from C:\DEV\git\project-web\node_modules\karma-firefox-launcher\package.json
100 verbose targetResolver reading package data from C:\DEV\git\project-web\node_modules\karma-jasmine\package.json
101 verbose targetResolver reading package data from C:\DEV\git\project-web\node_modules\karma-junit-reporter\package.json
102 verbose targetResolver reading package data from C:\DEV\git\project-web\node_modules\karma-phantomjs-launcher\package.json
103 verbose targetResolver reading package data from C:\DEV\git\project-web\node_modules\karma-requirejs\package.json
104 verbose targetResolver reading package data from C:\DEV\git\project-web\node_modules\phantomjs-prebuilt\package.json
105 verbose targetResolver reading package data from C:\DEV\git\project-web\node_modules\protractor\package.json
106 verbose targetResolver reading package data from C:\DEV\git\project-web\node_modules\requirejs\package.json
107 verbose targetResolver reading package data from C:\DEV\git\project-web\node_modules\shelljs\package.json
108 verbose targetResolver reading package data from C:\DEV\git\project-web\node_modules\time-grunt\package.json
109 verbose targetResolver reading package data from C:\DEV\git\project-web\node_modules\.bin\bower\package.json
110 verbose targetResolver reading package data from C:\DEV\git\project-web\node_modules\.bin\bower.cmd\package.json
111 verbose targetResolver reading package data from C:\DEV\git\project-web\node_modules\.bin\http-server\package.json
112 verbose targetResolver reading package data from C:\DEV\git\project-web\node_modules\.bin\http-server.cmd\package.json
113 verbose targetResolver reading package data from C:\DEV\git\project-web\node_modules\.bin\karma\package.json
114 verbose targetResolver reading package data from C:\DEV\git\project-web\node_modules\.bin\karma.cmd\package.json
115 verbose targetResolver reading package data from C:\DEV\git\project-web\node_modules\.bin\phantomjs\package.json
116 verbose targetResolver reading package data from C:\DEV\git\project-web\node_modules\.bin\phantomjs.cmd\package.json
117 verbose targetResolver reading package data from C:\DEV\git\project-web\node_modules\.bin\protractor\package.json
118 verbose targetResolver reading package data from C:\DEV\git\project-web\node_modules\.bin\protractor.cmd\package.json
119 verbose targetResolver reading package data from C:\DEV\git\project-web\node_modules\.bin\r.js\package.json
120 verbose targetResolver reading package data from C:\DEV\git\project-web\node_modules\.bin\r.js.cmd\package.json
121 verbose targetResolver reading package data from C:\DEV\git\project-web\node_modules\.bin\shjs\package.json
122 verbose targetResolver reading package data from C:\DEV\git\project-web\node_modules\.bin\shjs.cmd\package.json
123 verbose targetResolver reading package data from C:\DEV\git\project-web\node_modules\.bin\webdriver-manager\package.json
124 verbose targetResolver reading package data from C:\DEV\git\project-web\node_modules\.bin\webdriver-manager.cmd\package.json
125 verbose already installed skipping jshint-stylish@^1.0.0 C:\DEV\git\project-web
126 verbose already installed skipping time-grunt@^1.0.0 C:\DEV\git\project-web
127 verbose already installed skipping bower@^1.3.1 C:\DEV\git\project-web
128 verbose already installed skipping http-server@^0.6.1 C:\DEV\git\project-web
129 verbose already installed skipping jasmine-core@^2.3.0 C:\DEV\git\project-web
130 verbose already installed skipping karma@^0.12.31 C:\DEV\git\project-web
131 verbose already installed skipping karma-chrome-launcher@^0.1.8 C:\DEV\git\project-web
132 verbose already installed skipping karma-firefox-launcher@^0.1.4 C:\DEV\git\project-web
133 verbose already installed skipping karma-jasmine@^0.3.5 C:\DEV\git\project-web
134 verbose already installed skipping karma-junit-reporter@^0.2.2 C:\DEV\git\project-web
135 verbose already installed skipping karma-requirejs@^0.2.2 C:\DEV\git\project-web
136 verbose already installed skipping protractor@^1.1.1 C:\DEV\git\project-web
137 verbose already installed skipping requirejs@^2.1.15 C:\DEV\git\project-web
138 verbose already installed skipping shelljs@^0.2.6 C:\DEV\git\project-web
139 verbose already installed skipping grunt@^0.4.5 C:\DEV\git\project-web
140 verbose already installed skipping grunt-angular-templates@^0.5.7 C:\DEV\git\project-web
141 verbose already installed skipping grunt-concurrent@^1.0.0 C:\DEV\git\project-web
142 verbose already installed skipping grunt-contrib-clean@^0.6.0 C:\DEV\git\project-web
143 verbose already installed skipping grunt-contrib-concat@^0.5.0 C:\DEV\git\project-web
144 verbose already installed skipping grunt-contrib-connect@^0.9.0 C:\DEV\git\project-web
145 verbose already installed skipping grunt-contrib-copy@^0.7.0 C:\DEV\git\project-web
146 verbose already installed skipping grunt-contrib-cssmin@^0.12.0 C:\DEV\git\project-web
147 verbose already installed skipping grunt-contrib-htmlmin@^0.4.0 C:\DEV\git\project-web
148 verbose already installed skipping grunt-contrib-imagemin@^1.0.0 C:\DEV\git\project-web
149 verbose already installed skipping grunt-contrib-jshint@^0.11.0 C:\DEV\git\project-web
150 verbose already installed skipping grunt-contrib-uglify@^0.7.0 C:\DEV\git\project-web
151 verbose already installed skipping grunt-contrib-watch@^0.6.1 C:\DEV\git\project-web
152 verbose already installed skipping grunt-filerev@^2.1.2 C:\DEV\git\project-web
153 verbose already installed skipping grunt-google-cdn@^0.4.3 C:\DEV\git\project-web
154 verbose already installed skipping grunt-jscs@^1.8.0 C:\DEV\git\project-web
155 verbose already installed skipping grunt-karma@* C:\DEV\git\project-web
156 verbose already installed skipping grunt-newer@^1.1.0 C:\DEV\git\project-web
157 verbose already installed skipping grunt-ng-annotate@^0.9.2 C:\DEV\git\project-web
158 verbose already installed skipping grunt-postcss@^0.5.5 C:\DEV\git\project-web
159 verbose already installed skipping grunt-svgmin@^2.0.0 C:\DEV\git\project-web
160 verbose already installed skipping grunt-usemin@^3.0.0 C:\DEV\git\project-web
161 verbose already installed skipping grunt-wiredep@^2.0.0 C:\DEV\git\project-web
162 verbose already installed skipping jit-grunt@^0.9.1 C:\DEV\git\project-web
163 silly install resolved []
164 info build C:\DEV\git\project-web
165 info linkStuff project-web@3.1.3
166 silly linkStuff project-web@3.1.3 has C:\DEV\git as its parent node_modules
167 verbose linkBins project-web@3.1.3
168 verbose linkMans project-web@3.1.3
169 verbose rebuildBundles project-web@3.1.3
170 verbose rebuildBundles [ '.bin',
170 verbose rebuildBundles   'autoprefixer-core',
170 verbose rebuildBundles   'bower',
170 verbose rebuildBundles   'grunt',
170 verbose rebuildBundles   'grunt-angular-templates',
170 verbose rebuildBundles   'grunt-concurrent',
170 verbose rebuildBundles   'grunt-contrib-clean',
170 verbose rebuildBundles   'grunt-contrib-concat',
170 verbose rebuildBundles   'grunt-contrib-connect',
170 verbose rebuildBundles   'grunt-contrib-copy',
170 verbose rebuildBundles   'grunt-contrib-cssmin',
170 verbose rebuildBundles   'grunt-contrib-htmlmin',
170 verbose rebuildBundles   'grunt-contrib-imagemin',
170 verbose rebuildBundles   'grunt-contrib-jshint',
170 verbose rebuildBundles   'grunt-contrib-uglify',
170 verbose rebuildBundles   'grunt-contrib-watch',
170 verbose rebuildBundles   'grunt-filerev',
170 verbose rebuildBundles   'grunt-google-cdn',
170 verbose rebuildBundles   'grunt-jscs',
170 verbose rebuildBundles   'grunt-karma',
170 verbose rebuildBundles   'grunt-newer',
170 verbose rebuildBundles   'grunt-ng-annotate',
170 verbose rebuildBundles   'grunt-postcss',
170 verbose rebuildBundles   'grunt-svgmin',
170 verbose rebuildBundles   'grunt-usemin',
170 verbose rebuildBundles   'grunt-wiredep',
170 verbose rebuildBundles   'http-server',
170 verbose rebuildBundles   'jasmine-core',
170 verbose rebuildBundles   'jit-grunt',
170 verbose rebuildBundles   'jshint-stylish',
170 verbose rebuildBundles   'karma',
170 verbose rebuildBundles   'karma-chrome-launcher',
170 verbose rebuildBundles   'karma-firefox-launcher',
170 verbose rebuildBundles   'karma-jasmine',
170 verbose rebuildBundles   'karma-junit-reporter',
170 verbose rebuildBundles   'karma-phantomjs-launcher',
170 verbose rebuildBundles   'karma-requirejs',
170 verbose rebuildBundles   'phantomjs-prebuilt',
170 verbose rebuildBundles   'protractor',
170 verbose rebuildBundles   'requirejs',
170 verbose rebuildBundles   'shelljs',
170 verbose rebuildBundles   'time-grunt' ]
171 verbose rebuild bundle C:\DEV\git\project-web\node_modules\autoprefixer-core
172 info build C:\DEV\git\project-web\node_modules\autoprefixer-core
173 info preinstall autoprefixer-core@5.2.1
174 info linkStuff autoprefixer-core@5.2.1
175 silly linkStuff autoprefixer-core@5.2.1 has C:\DEV\git\project-web\node_modules as its parent node_modules
176 verbose linkBins autoprefixer-core@5.2.1
177 verbose linkMans autoprefixer-core@5.2.1
178 verbose rebuildBundles autoprefixer-core@5.2.1
179 verbose rebuildBundles [ 'browserslist', 'caniuse-db', 'num2fraction', 'postcss' ]
180 info install autoprefixer-core@5.2.1
181 info postinstall autoprefixer-core@5.2.1
182 verbose rebuild bundle C:\DEV\git\project-web\node_modules\karma-phantomjs-launcher
183 info build C:\DEV\git\project-web\node_modules\karma-phantomjs-launcher
184 info preinstall karma-phantomjs-launcher@1.0.0
185 info linkStuff karma-phantomjs-launcher@1.0.0
186 silly linkStuff karma-phantomjs-launcher@1.0.0 has C:\DEV\git\project-web\node_modules as its parent node_modules
187 verbose linkBins karma-phantomjs-launcher@1.0.0
188 verbose linkMans karma-phantomjs-launcher@1.0.0
189 verbose rebuildBundles karma-phantomjs-launcher@1.0.0
190 verbose rebuildBundles [ 'lodash' ]
191 info install karma-phantomjs-launcher@1.0.0
192 info postinstall karma-phantomjs-launcher@1.0.0
193 verbose rebuild bundle C:\DEV\git\project-web\node_modules\phantomjs-prebuilt
194 info build C:\DEV\git\project-web\node_modules\phantomjs-prebuilt
195 info preinstall phantomjs-prebuilt@2.1.4
196 info linkStuff phantomjs-prebuilt@2.1.4
197 silly linkStuff phantomjs-prebuilt@2.1.4 has C:\DEV\git\project-web\node_modules as its parent node_modules
198 verbose linkBins phantomjs-prebuilt@2.1.4
199 verbose link bins [ { phantomjs: './bin/phantomjs' },
199 verbose link bins   'C:\\DEV\\git\\project-web\\node_modules\\.bin',
199 verbose link bins   false ]
200 verbose linkMans phantomjs-prebuilt@2.1.4
201 verbose rebuildBundles phantomjs-prebuilt@2.1.4
202 verbose rebuildBundles [ '.bin',
202 verbose rebuildBundles   'adm-zip',
202 verbose rebuildBundles   'fs-extra',
202 verbose rebuildBundles   'kew',
202 verbose rebuildBundles   'md5',
202 verbose rebuildBundles   'progress',
202 verbose rebuildBundles   'request',
202 verbose rebuildBundles   'request-progress',
202 verbose rebuildBundles   'which' ]
203 info install phantomjs-prebuilt@2.1.4
204 verbose unsafe-perm in lifecycle true
205 info postinstall phantomjs-prebuilt@2.1.4
206 info install project-web@3.1.3
207 info postinstall project-web@3.1.3
208 verbose unsafe-perm in lifecycle true
209 info prepublish project-web@3.1.3
210 verbose validateInstall loading C:\DEV\git\project-web\package.json for validation
211 verbose stack Error: The package karma@0.12.37 does not satisfy its siblings' peerDependencies requirements!
211 verbose stack     at C:\nodejs\node_modules\npm\lib\install.js:125:32
211 verbose stack     at C:\nodejs\node_modules\npm\lib\install.js:268:7
211 verbose stack     at C:\nodejs\node_modules\npm\node_modules\read-installed\read-installed.js:142:5
211 verbose stack     at C:\nodejs\node_modules\npm\node_modules\read-installed\read-installed.js:263:14
211 verbose stack     at cb (C:\nodejs\node_modules\npm\node_modules\slide\lib\async-map.js:47:24)
211 verbose stack     at C:\nodejs\node_modules\npm\node_modules\read-installed\read-installed.js:263:14
211 verbose stack     at cb (C:\nodejs\node_modules\npm\node_modules\slide\lib\async-map.js:47:24)
211 verbose stack     at C:\nodejs\node_modules\npm\node_modules\read-installed\read-installed.js:263:14
211 verbose stack     at cb (C:\nodejs\node_modules\npm\node_modules\slide\lib\async-map.js:47:24)
211 verbose stack     at C:\nodejs\node_modules\npm\node_modules\read-installed\read-installed.js:263:14
212 verbose cwd C:\DEV\git\project-web
213 error Windows_NT 6.1.7601
214 error argv "C:\\nodejs\\node.exe" "C:\\nodejs\\node_modules\\npm\\bin\\npm-cli.js" "install"
215 error node v4.2.6
216 error npm  v2.14.12
217 error code EPEERINVALID
218 error peerinvalid The package karma@0.12.37 does not satisfy its siblings' peerDependencies requirements!
218 error peerinvalid Peer karma-requirejs@0.2.5 wants karma@>=0.9
218 error peerinvalid Peer grunt-karma@0.12.1 wants karma@^0.13.0 || >= 0.14.0-rc.0
218 error peerinvalid Peer karma-phantomjs-launcher@1.0.0 wants karma@>=0.9
218 error peerinvalid Peer karma-junit-reporter@0.2.2 wants karma@>=0.9
219 verbose exit [ 1, true ]
